app/build/intermediates/manifest_merge_blame_file/debug/manifest-merger-blame-debug-report.txt
1<?xml version="1.0" encoding="utf-8"?>
2<manifest xmlns:android="http://schemas.android.com/apk/res/android"
3    package="com.android.intentfuzzer"
4    android:versionCode="1"
5    android:versionName="1.0" >
6
7    <uses-sdk
8        android:minSdkVersion="21"
8-->src/main/AndroidManifest.xml
9        android:targetSdkVersion="35" />
9-->src/main/AndroidManifest.xml
10
11    <application
11-->src/main/AndroidManifest.xml:5:5-31:19
12        android:name="com.android.intentfuzzer.MyApp"
12-->src/main/AndroidManifest.xml:6:9-30
13        android:allowBackup="true"
13-->src/main/AndroidManifest.xml:7:9-35
14        android:appComponentFactory="androidx.core.app.CoreComponentFactory"
14-->[androidx.core:core:1.3.2] AndroidManifest.xml:24:18-86
15        android:debuggable="true"
16        android:icon="@mipmap/ic_launcher"
16-->src/main/AndroidManifest.xml:8:9-43
17        android:label="@string/app_name"
17-->src/main/AndroidManifest.xml:9:9-41
18        android:roundIcon="@mipmap/ic_launcher_round"
18-->src/main/AndroidManifest.xml:10:9-54
19        android:supportsRtl="true"
19-->src/main/AndroidManifest.xml:11:9-35
20        android:testOnly="true"
21        android:theme="@style/AppTheme" >
21-->src/main/AndroidManifest.xml:12:9-40
22        <activity android:name="com.android.intentfuzzer.MainActivity" >
22-->src/main/AndroidManifest.xml:13:9-19:20
22-->src/main/AndroidManifest.xml:13:19-47
23            <intent-filter>
23-->src/main/AndroidManifest.xml:14:13-18:29
24                <action android:name="android.intent.action.MAIN" />
24-->src/main/AndroidManifest.xml:15:17-69
24-->src/main/AndroidManifest.xml:15:25-66
25
26                <category android:name="android.intent.category.LAUNCHER" />
26-->src/main/AndroidManifest.xml:17:17-77
26-->src/main/AndroidManifest.xml:17:27-74
27            </intent-filter>
28        </activity>
29        <activity
29-->src/main/AndroidManifest.xml:20:9-24:20
30            android:name="com.android.intentfuzzer.AppInfoActivity"
30-->src/main/AndroidManifest.xml:21:13-44
31            android:exported="false"
31-->src/main/AndroidManifest.xml:23:13-37
32            android:label="@string/app_name" >
32-->src/main/AndroidManifest.xml:22:13-45
33        </activity>
34        <activity
34-->src/main/AndroidManifest.xml:26:9-30:20
35            android:name="com.android.intentfuzzer.FuzzerActivity"
35-->src/main/AndroidManifest.xml:27:13-43
36            android:exported="false"
36-->src/main/AndroidManifest.xml:29:13-37
37            android:label="@string/app_name" >
37-->src/main/AndroidManifest.xml:28:13-45
38        </activity>
39    </application>
40
41</manifest>